
  .   ____          _            __ _ _
 /\\ / ___'_ __ _ _(_)_ __  __ _ \ \ \ \
( ( )\___ | '_ | '_| | '_ \/ _` | \ \ \ \
 \\/  ___)| |_)| | | | | || (_| |  ) ) ) )
  '  |____| .__|_| |_|_| |_\__, | / / / /
 =========|_|==============|___/=/_/_/_/
 :: Spring Boot ::                (v2.4.4)

2021-03-21 11:29:53.579  INFO 1220 --- [  restartedMain] c.p.c.CurrencyConversionApplication      : Starting CurrencyConversionApplication using Java 1.8.0_191 on LTIN111296 with PID 1220 (C:\Users\540091\Documents\Microservices\currency-conversion\currency-conversion\target\classes started by 540091 in C:\Users\540091\Documents\Microservices\currency-conversion\currency-conversion)
2021-03-21 11:29:53.585  INFO 1220 --- [  restartedMain] c.p.c.CurrencyConversionApplication      : No active profile set, falling back to default profiles: default
2021-03-21 11:29:53.676  INFO 1220 --- [  restartedMain] .e.DevToolsPropertyDefaultsPostProcessor : Devtools property defaults active! Set 'spring.devtools.add-properties' to 'false' to disable
2021-03-21 11:29:53.676  INFO 1220 --- [  restartedMain] .e.DevToolsPropertyDefaultsPostProcessor : For additional web related logging consider setting the 'logging.level.web' property to 'DEBUG'
2021-03-21 11:29:55.245  INFO 1220 --- [  restartedMain] o.s.cloud.context.scope.GenericScope     : BeanFactory id=e1dd75c1-df61-3856-9105-2269e16b3cf9
2021-03-21 11:29:56.077  INFO 1220 --- [  restartedMain] o.s.b.w.embedded.tomcat.TomcatWebServer  : Tomcat initialized with port(s): 8001 (http)
2021-03-21 11:29:56.097  INFO 1220 --- [  restartedMain] o.apache.catalina.core.StandardService   : Starting service [Tomcat]
2021-03-21 11:29:56.098  INFO 1220 --- [  restartedMain] org.apache.catalina.core.StandardEngine  : Starting Servlet engine: [Apache Tomcat/9.0.44]
2021-03-21 11:29:56.246  INFO 1220 --- [  restartedMain] o.a.c.c.C.[Tomcat].[localhost].[/]       : Initializing Spring embedded WebApplicationContext
2021-03-21 11:29:56.247  INFO 1220 --- [  restartedMain] w.s.c.ServletWebServerApplicationContext : Root WebApplicationContext: initialization completed in 2570 ms
2021-03-21 11:29:56.935  INFO 1220 --- [  restartedMain] o.s.s.concurrent.ThreadPoolTaskExecutor  : Initializing ExecutorService 'applicationTaskExecutor'
2021-03-21 11:29:57.926  WARN 1220 --- [  restartedMain] o.s.b.d.a.OptionalLiveReloadServer       : Unable to start LiveReload server
2021-03-21 11:29:58.445  INFO 1220 --- [  restartedMain] DiscoveryClientOptionalArgsConfiguration : Eureka HTTP Client uses RestTemplate.
2021-03-21 11:29:58.618  WARN 1220 --- [  restartedMain] iguration$LoadBalancerCaffeineWarnLogger : Spring Cloud LoadBalancer is currently working with the default cache. You can switch to using Caffeine cache, by adding it and org.springframework.cache.caffeine.CaffeineCacheManager to the classpath.
2021-03-21 11:29:58.629  INFO 1220 --- [  restartedMain] o.s.b.a.e.web.EndpointLinksResolver      : Exposing 2 endpoint(s) beneath base path '/actuator'
2021-03-21 11:29:58.682  INFO 1220 --- [  restartedMain] o.s.c.n.eureka.InstanceInfoFactory       : Setting initial instance status as: STARTING
2021-03-21 11:29:58.806  INFO 1220 --- [  restartedMain] com.netflix.discovery.DiscoveryClient    : Initializing Eureka in region us-east-1
2021-03-21 11:29:58.818  INFO 1220 --- [  restartedMain] c.n.d.s.r.aws.ConfigClusterResolver      : Resolving eureka endpoints via configuration
2021-03-21 11:29:59.129  INFO 1220 --- [  restartedMain] com.netflix.discovery.DiscoveryClient    : Disable delta property : false
2021-03-21 11:29:59.130  INFO 1220 --- [  restartedMain] com.netflix.discovery.DiscoveryClient    : Single vip registry refresh property : null
2021-03-21 11:29:59.130  INFO 1220 --- [  restartedMain] com.netflix.discovery.DiscoveryClient    : Force full registry fetch : false
2021-03-21 11:29:59.130  INFO 1220 --- [  restartedMain] com.netflix.discovery.DiscoveryClient    : Application is null : false
2021-03-21 11:29:59.130  INFO 1220 --- [  restartedMain] com.netflix.discovery.DiscoveryClient    : Registered Applications size is zero : true
2021-03-21 11:29:59.130  INFO 1220 --- [  restartedMain] com.netflix.discovery.DiscoveryClient    : Application version is -1: true
2021-03-21 11:29:59.130  INFO 1220 --- [  restartedMain] com.netflix.discovery.DiscoveryClient    : Getting all instance registry info from the eureka server
2021-03-21 11:30:00.220  INFO 1220 --- [  restartedMain] com.netflix.discovery.DiscoveryClient    : The response status is 200
2021-03-21 11:30:00.223  INFO 1220 --- [  restartedMain] com.netflix.discovery.DiscoveryClient    : Starting heartbeat executor: renew interval is: 30
2021-03-21 11:30:00.225  INFO 1220 --- [  restartedMain] c.n.discovery.InstanceInfoReplicator     : InstanceInfoReplicator onDemand update allowed rate per min is 4
2021-03-21 11:30:00.232  INFO 1220 --- [  restartedMain] com.netflix.discovery.DiscoveryClient    : Discovery Client initialized at timestamp 1616306400230 with initial instances count: 0
2021-03-21 11:30:00.234  INFO 1220 --- [  restartedMain] o.s.c.n.e.s.EurekaServiceRegistry        : Registering application CURRENCY-CONVERSION with eureka with status UP
2021-03-21 11:30:00.235  INFO 1220 --- [  restartedMain] com.netflix.discovery.DiscoveryClient    : Saw local status change event StatusChangeEvent [timestamp=1616306400234, current=UP, previous=STARTING]
2021-03-21 11:30:00.237  INFO 1220 --- [nfoReplicator-0] com.netflix.discovery.DiscoveryClient    : DiscoveryClient_CURRENCY-CONVERSION/LTIN111296.cts.com:currency-conversion:8001: registering service...
2021-03-21 11:30:00.278  INFO 1220 --- [  restartedMain] o.s.b.w.embedded.tomcat.TomcatWebServer  : Tomcat started on port(s): 8001 (http) with context path ''
2021-03-21 11:30:00.279  INFO 1220 --- [  restartedMain] .s.c.n.e.s.EurekaAutoServiceRegistration : Updating port to 8001
2021-03-21 11:30:00.475  INFO 1220 --- [nfoReplicator-0] com.netflix.discovery.DiscoveryClient    : DiscoveryClient_CURRENCY-CONVERSION/LTIN111296.cts.com:currency-conversion:8001 - registration status: 204
2021-03-21 11:30:00.744  INFO 1220 --- [  restartedMain] c.p.c.CurrencyConversionApplication      : Started CurrencyConversionApplication in 8.188 seconds (JVM running for 8.952)
2021-03-21 11:30:30.223  INFO 1220 --- [freshExecutor-0] com.netflix.discovery.DiscoveryClient    : Disable delta property : false
2021-03-21 11:30:30.223  INFO 1220 --- [freshExecutor-0] com.netflix.discovery.DiscoveryClient    : Single vip registry refresh property : null
2021-03-21 11:30:30.223  INFO 1220 --- [freshExecutor-0] com.netflix.discovery.DiscoveryClient    : Force full registry fetch : false
2021-03-21 11:30:30.223  INFO 1220 --- [freshExecutor-0] com.netflix.discovery.DiscoveryClient    : Application is null : false
2021-03-21 11:30:30.223  INFO 1220 --- [freshExecutor-0] com.netflix.discovery.DiscoveryClient    : Registered Applications size is zero : true
2021-03-21 11:30:30.223  INFO 1220 --- [freshExecutor-0] com.netflix.discovery.DiscoveryClient    : Application version is -1: false
2021-03-21 11:30:30.223  INFO 1220 --- [freshExecutor-0] com.netflix.discovery.DiscoveryClient    : Getting all instance registry info from the eureka server
2021-03-21 11:30:30.241  INFO 1220 --- [freshExecutor-0] com.netflix.discovery.DiscoveryClient    : The response status is 200
