
  .   ____          _            __ _ _
 /\\ / ___'_ __ _ _(_)_ __  __ _ \ \ \ \
( ( )\___ | '_ | '_| | '_ \/ _` | \ \ \ \
 \\/  ___)| |_)| | | | | || (_| |  ) ) ) )
  '  |____| .__|_| |_|_| |_\__, | / / / /
 =========|_|==============|___/=/_/_/_/
 :: Spring Boot ::                (v2.4.4)

2021-03-21 11:28:13.554  INFO 14136 --- [  restartedMain] c.p.e.EurekaServerApplication            : Starting EurekaServerApplication using Java 1.8.0_191 on LTIN111296 with PID 14136 (C:\Users\540091\Documents\Microservices\eureka-server\eureka-server\target\classes started by 540091 in C:\Users\540091\Documents\Microservices\eureka-server\eureka-server)
2021-03-21 11:28:13.560  INFO 14136 --- [  restartedMain] c.p.e.EurekaServerApplication            : No active profile set, falling back to default profiles: default
2021-03-21 11:28:13.653  INFO 14136 --- [  restartedMain] .e.DevToolsPropertyDefaultsPostProcessor : Devtools property defaults active! Set 'spring.devtools.add-properties' to 'false' to disable
2021-03-21 11:28:13.653  INFO 14136 --- [  restartedMain] .e.DevToolsPropertyDefaultsPostProcessor : For additional web related logging consider setting the 'logging.level.web' property to 'DEBUG'
2021-03-21 11:28:15.330  INFO 14136 --- [  restartedMain] o.s.cloud.context.scope.GenericScope     : BeanFactory id=fc1dd01f-f2d2-372d-bf0d-805512393071
2021-03-21 11:28:16.266  INFO 14136 --- [  restartedMain] o.s.b.w.embedded.tomcat.TomcatWebServer  : Tomcat initialized with port(s): 8761 (http)
2021-03-21 11:28:16.283  INFO 14136 --- [  restartedMain] o.apache.catalina.core.StandardService   : Starting service [Tomcat]
2021-03-21 11:28:16.283  INFO 14136 --- [  restartedMain] org.apache.catalina.core.StandardEngine  : Starting Servlet engine: [Apache Tomcat/9.0.44]
2021-03-21 11:28:16.463  INFO 14136 --- [  restartedMain] o.a.c.c.C.[Tomcat].[localhost].[/]       : Initializing Spring embedded WebApplicationContext
2021-03-21 11:28:16.463  INFO 14136 --- [  restartedMain] w.s.c.ServletWebServerApplicationContext : Root WebApplicationContext: initialization completed in 2809 ms
2021-03-21 11:28:17.235  INFO 14136 --- [  restartedMain] c.s.j.s.i.a.WebApplicationImpl           : Initiating Jersey application, version 'Jersey: 1.19.4 05/24/2017 03:20 PM'
2021-03-21 11:28:17.329  INFO 14136 --- [  restartedMain] c.n.d.provider.DiscoveryJerseyProvider   : Using JSON encoding codec LegacyJacksonJson
2021-03-21 11:28:17.331  INFO 14136 --- [  restartedMain] c.n.d.provider.DiscoveryJerseyProvider   : Using JSON decoding codec LegacyJacksonJson
2021-03-21 11:28:17.510  INFO 14136 --- [  restartedMain] c.n.d.provider.DiscoveryJerseyProvider   : Using XML encoding codec XStreamXml
2021-03-21 11:28:17.510  INFO 14136 --- [  restartedMain] c.n.d.provider.DiscoveryJerseyProvider   : Using XML decoding codec XStreamXml
2021-03-21 11:28:18.487  INFO 14136 --- [  restartedMain] o.s.s.concurrent.ThreadPoolTaskExecutor  : Initializing ExecutorService 'applicationTaskExecutor'
2021-03-21 11:28:19.624  INFO 14136 --- [  restartedMain] o.s.b.d.a.OptionalLiveReloadServer       : LiveReload server is running on port 35729
2021-03-21 11:28:20.104  INFO 14136 --- [  restartedMain] DiscoveryClientOptionalArgsConfiguration : Eureka HTTP Client uses Jersey
2021-03-21 11:28:20.204  WARN 14136 --- [  restartedMain] iguration$LoadBalancerCaffeineWarnLogger : Spring Cloud LoadBalancer is currently working with the default cache. You can switch to using Caffeine cache, by adding it and org.springframework.cache.caffeine.CaffeineCacheManager to the classpath.
2021-03-21 11:28:20.237  INFO 14136 --- [  restartedMain] o.s.c.n.eureka.InstanceInfoFactory       : Setting initial instance status as: STARTING
2021-03-21 11:28:20.298  INFO 14136 --- [  restartedMain] com.netflix.discovery.DiscoveryClient    : Initializing Eureka in region us-east-1
2021-03-21 11:28:20.298  INFO 14136 --- [  restartedMain] com.netflix.discovery.DiscoveryClient    : Client configured to neither register nor query for data.
2021-03-21 11:28:20.314  INFO 14136 --- [  restartedMain] com.netflix.discovery.DiscoveryClient    : Discovery Client initialized at timestamp 1616306300312 with initial instances count: 0
2021-03-21 11:28:20.368  INFO 14136 --- [  restartedMain] c.n.eureka.DefaultEurekaServerContext    : Initializing ...
2021-03-21 11:28:20.371  INFO 14136 --- [  restartedMain] c.n.eureka.cluster.PeerEurekaNodes       : Adding new peer nodes [http://localhost:8761/eureka/]
2021-03-21 11:28:20.885  INFO 14136 --- [  restartedMain] c.n.d.provider.DiscoveryJerseyProvider   : Using JSON encoding codec LegacyJacksonJson
2021-03-21 11:28:20.886  INFO 14136 --- [  restartedMain] c.n.d.provider.DiscoveryJerseyProvider   : Using JSON decoding codec LegacyJacksonJson
2021-03-21 11:28:20.886  INFO 14136 --- [  restartedMain] c.n.d.provider.DiscoveryJerseyProvider   : Using XML encoding codec XStreamXml
2021-03-21 11:28:20.886  INFO 14136 --- [  restartedMain] c.n.d.provider.DiscoveryJerseyProvider   : Using XML decoding codec XStreamXml
2021-03-21 11:28:21.025  INFO 14136 --- [  restartedMain] c.n.eureka.cluster.PeerEurekaNodes       : Replica node URL:  http://localhost:8761/eureka/
2021-03-21 11:28:21.042  INFO 14136 --- [  restartedMain] c.n.e.registry.AbstractInstanceRegistry  : Finished initializing remote region registries. All known remote regions: []
2021-03-21 11:28:21.043  INFO 14136 --- [  restartedMain] c.n.eureka.DefaultEurekaServerContext    : Initialized
2021-03-21 11:28:21.059  INFO 14136 --- [  restartedMain] o.s.b.a.e.web.EndpointLinksResolver      : Exposing 2 endpoint(s) beneath base path '/actuator'
2021-03-21 11:28:21.103  INFO 14136 --- [  restartedMain] o.s.c.n.e.s.EurekaServiceRegistry        : Registering application EUREKA-SERVER with eureka with status UP
2021-03-21 11:28:21.107  INFO 14136 --- [      Thread-16] o.s.c.n.e.server.EurekaServerBootstrap   : Setting the eureka configuration..
2021-03-21 11:28:21.134  INFO 14136 --- [      Thread-16] o.s.c.n.e.server.EurekaServerBootstrap   : isAws returned false
2021-03-21 11:28:21.134  INFO 14136 --- [      Thread-16] o.s.c.n.e.server.EurekaServerBootstrap   : Initialized server context
2021-03-21 11:28:21.135  INFO 14136 --- [      Thread-16] c.n.e.r.PeerAwareInstanceRegistryImpl    : Got 1 instances from neighboring DS node
2021-03-21 11:28:21.135  INFO 14136 --- [      Thread-16] c.n.e.r.PeerAwareInstanceRegistryImpl    : Renew threshold is: 1
2021-03-21 11:28:21.135  INFO 14136 --- [      Thread-16] c.n.e.r.PeerAwareInstanceRegistryImpl    : Changing status to UP
2021-03-21 11:28:21.147  INFO 14136 --- [      Thread-16] e.s.EurekaServerInitializerConfiguration : Started Eureka Server
2021-03-21 11:28:21.152  INFO 14136 --- [  restartedMain] o.s.b.w.embedded.tomcat.TomcatWebServer  : Tomcat started on port(s): 8761 (http) with context path ''
2021-03-21 11:28:21.153  INFO 14136 --- [  restartedMain] .s.c.n.e.s.EurekaAutoServiceRegistration : Updating port to 8761
2021-03-21 11:28:21.640  INFO 14136 --- [  restartedMain] c.p.e.EurekaServerApplication            : Started EurekaServerApplication in 9.021 seconds (JVM running for 9.828)
2021-03-21 11:28:31.020  INFO 14136 --- [nio-8761-exec-1] o.a.c.c.C.[Tomcat].[localhost].[/]       : Initializing Spring DispatcherServlet 'dispatcherServlet'
2021-03-21 11:28:31.020  INFO 14136 --- [nio-8761-exec-1] o.s.web.servlet.DispatcherServlet        : Initializing Servlet 'dispatcherServlet'
2021-03-21 11:28:31.021  INFO 14136 --- [nio-8761-exec-1] o.s.web.servlet.DispatcherServlet        : Completed initialization in 1 ms
2021-03-21 11:29:21.138  INFO 14136 --- [a-EvictionTimer] c.n.e.registry.AbstractInstanceRegistry  : Running the evict task with compensationTime 0ms
2021-03-21 11:30:00.471  INFO 14136 --- [io-8761-exec-10] c.n.e.registry.AbstractInstanceRegistry  : Registered instance CURRENCY-CONVERSION/LTIN111296.cts.com:currency-conversion:8001 with status UP (replication=false)
2021-03-21 11:30:01.287  INFO 14136 --- [nio-8761-exec-8] c.n.e.registry.AbstractInstanceRegistry  : Registered instance CURRENCY-CONVERSION/LTIN111296.cts.com:currency-conversion:8001 with status UP (replication=true)
2021-03-21 11:30:21.138  INFO 14136 --- [a-EvictionTimer] c.n.e.registry.AbstractInstanceRegistry  : Running the evict task with compensationTime 0ms
2021-03-21 11:31:15.808  INFO 14136 --- [nio-8761-exec-9] c.n.e.registry.AbstractInstanceRegistry  : Registered instance CURRENCY-CONVERSION/LTIN111296.cts.com:currency-conversion:8001 with status DOWN (replication=false)
2021-03-21 11:31:16.321  INFO 14136 --- [nio-8761-exec-1] c.n.e.registry.AbstractInstanceRegistry  : Registered instance CURRENCY-CONVERSION/LTIN111296.cts.com:currency-conversion:8001 with status DOWN (replication=true)
2021-03-21 11:31:19.253  INFO 14136 --- [nio-8761-exec-2] c.n.e.registry.AbstractInstanceRegistry  : Cancelled instance CURRENCY-CONVERSION/LTIN111296.cts.com:currency-conversion:8001 (replication=false)
2021-03-21 11:31:19.766  WARN 14136 --- [nio-8761-exec-7] c.n.e.registry.AbstractInstanceRegistry  : DS: Registry: cancel failed because Lease is not registered for: CURRENCY-CONVERSION/LTIN111296.cts.com:currency-conversion:8001
2021-03-21 11:31:19.767  INFO 14136 --- [nio-8761-exec-7] c.n.eureka.resources.InstanceResource    : Not Found (Cancel): CURRENCY-CONVERSION - LTIN111296.cts.com:currency-conversion:8001
2021-03-21 11:31:19.769  WARN 14136 --- [et_localhost-11] c.n.eureka.cluster.ReplicationTask       : The replication of task CURRENCY-CONVERSION/LTIN111296.cts.com:currency-conversion:8001:Cancel@localhost failed with response code 404
2021-03-21 11:31:19.769  WARN 14136 --- [et_localhost-11] c.netflix.eureka.cluster.PeerEurekaNode  : CURRENCY-CONVERSION/LTIN111296.cts.com:currency-conversion:8001:Cancel@localhost: missing entry.
2021-03-21 11:31:21.158  INFO 14136 --- [a-EvictionTimer] c.n.e.registry.AbstractInstanceRegistry  : Running the evict task with compensationTime 20ms
2021-03-21 11:31:24.614  INFO 14136 --- [nio-8761-exec-5] c.n.e.registry.AbstractInstanceRegistry  : Registered instance CURRENCY-CONVERSION/LTIN111296.cts.com:currency-conversion:8001 with status UP (replication=false)
2021-03-21 11:31:25.131  INFO 14136 --- [io-8761-exec-10] c.n.e.registry.AbstractInstanceRegistry  : Registered instance CURRENCY-CONVERSION/LTIN111296.cts.com:currency-conversion:8001 with status UP (replication=true)
2021-03-21 11:31:25.348  INFO 14136 --- [nio-8761-exec-8] c.n.e.registry.AbstractInstanceRegistry  : Registered instance CURRENCY-CONVERSION/LTIN111296.cts.com:currency-conversion:8001 with status DOWN (replication=false)
2021-03-21 11:31:25.853  INFO 14136 --- [nio-8761-exec-9] c.n.e.registry.AbstractInstanceRegistry  : Registered instance CURRENCY-CONVERSION/LTIN111296.cts.com:currency-conversion:8001 with status DOWN (replication=true)
2021-03-21 11:31:28.840  INFO 14136 --- [nio-8761-exec-1] c.n.e.registry.AbstractInstanceRegistry  : Cancelled instance CURRENCY-CONVERSION/LTIN111296.cts.com:currency-conversion:8001 (replication=false)
2021-03-21 11:31:29.348  WARN 14136 --- [nio-8761-exec-3] c.n.e.registry.AbstractInstanceRegistry  : DS: Registry: cancel failed because Lease is not registered for: CURRENCY-CONVERSION/LTIN111296.cts.com:currency-conversion:8001
2021-03-21 11:31:29.348  INFO 14136 --- [nio-8761-exec-3] c.n.eureka.resources.InstanceResource    : Not Found (Cancel): CURRENCY-CONVERSION - LTIN111296.cts.com:currency-conversion:8001
2021-03-21 11:31:29.350  WARN 14136 --- [et_localhost-16] c.n.eureka.cluster.ReplicationTask       : The replication of task CURRENCY-CONVERSION/LTIN111296.cts.com:currency-conversion:8001:Cancel@localhost failed with response code 404
2021-03-21 11:31:29.350  WARN 14136 --- [et_localhost-16] c.netflix.eureka.cluster.PeerEurekaNode  : CURRENCY-CONVERSION/LTIN111296.cts.com:currency-conversion:8001:Cancel@localhost: missing entry.
2021-03-21 11:31:32.755  INFO 14136 --- [nio-8761-exec-6] c.n.e.registry.AbstractInstanceRegistry  : Registered instance CURRENCY-CONVERSION/LTIN111296.cts.com:currency-conversion:8001 with status UP (replication=false)
2021-03-21 11:31:33.267  INFO 14136 --- [nio-8761-exec-5] c.n.e.registry.AbstractInstanceRegistry  : Registered instance CURRENCY-CONVERSION/LTIN111296.cts.com:currency-conversion:8001 with status UP (replication=true)
2021-03-21 11:32:21.159  INFO 14136 --- [a-EvictionTimer] c.n.e.registry.AbstractInstanceRegistry  : Running the evict task with compensationTime 0ms
